{"name": "test_2_search_bar_valid", "status": "failed", "statusDetails": {"message": "AssertionError: assert 'אק' in 'בדיקה 2'\n +  where 'בדיקה 2' = <bound method WebElement.get_attribute of <selenium.webdriver.remote.webelement.WebElement (session=\"d2d487369e6bf1a4e9c0a1805bdc3149\", element=\"abe24f56-cf26-4476-a442-13040599a948\")>>('textContent')\n +    where <bound method WebElement.get_attribute of <selenium.webdriver.remote.webelement.WebElement (session=\"d2d487369e6bf1a4e9c0a1805bdc3149\", element=\"abe24f56-cf26-4476-a442-13040599a948\")>> = <selenium.webdriver.remote.webelement.WebElement (session=\"d2d487369e6bf1a4e9c0a1805bdc3149\", element=\"abe24f56-cf26-4476-a442-13040599a948\")>.get_attribute\n +      where <selenium.webdriver.remote.webelement.WebElement (session=\"d2d487369e6bf1a4e9c0a1805bdc3149\", element=\"abe24f56-cf26-4476-a442-13040599a948\")> = <bound method WebDriver.find_element of <selenium.webdriver.chrome.webdriver.WebDriver (session=\"d2d487369e6bf1a4e9c0a1805bdc3149\")>>(*('xpath', '//*[@id=\"root\"]/div/div[2]/header/div/div/div/div[1]/div/a[1]/div/div[2]/div[1]'))\n +        where <bound method WebDriver.find_element of <selenium.webdriver.chrome.webdriver.WebDriver (session=\"d2d487369e6bf1a4e9c0a1805bdc3149\")>> = <selenium.webdriver.chrome.webdriver.WebDriver (session=\"d2d487369e6bf1a4e9c0a1805bdc3149\")>.find_element\n +          where <selenium.webdriver.chrome.webdriver.WebDriver (session=\"d2d487369e6bf1a4e9c0a1805bdc3149\")> = <tests.test_home_page.TestHomePage testMethod=test_2_search_bar_valid>.my_driver\n +        and   ('xpath', '//*[@id=\"root\"]/div/div[2]/header/div/div/div/div[1]/div/a[1]/div/div[2]/div[1]') = <class 'Services.constractors.home_page_locators.HeaderLocators'>.first_search_res\n +          where <class 'Services.constractors.home_page_locators.HeaderLocators'> = hpl.HeaderLocators", "trace": "self = <tests.test_home_page.TestHomePage testMethod=test_2_search_bar_valid>\n\n    @allure.description('this test checks if the search bar gives us valid drop down, in this example I searched for product that called אקדיה so I started with writing אק and expected to see the first product at my drop down to start with אק')\n    def test_2_search_bar_valid(self):\n        hp.HomePage.search_bar_send_keys(self, 'אק')\n        hp.HomePage.click_on_search_bar(self)\n        td.sleep(2)\n>       assert \"אק\" in self.my_driver.find_element(*hpl.HeaderLocators.first_search_res,).get_attribute('textContent')\nE       assert 'אק' in 'בדיקה 2'\nE        +  where 'בדיקה 2' = <bound method WebElement.get_attribute of <selenium.webdriver.remote.webelement.WebElement (session=\"d2d487369e6bf1a4e9c0a1805bdc3149\", element=\"abe24f56-cf26-4476-a442-13040599a948\")>>('textContent')\nE        +    where <bound method WebElement.get_attribute of <selenium.webdriver.remote.webelement.WebElement (session=\"d2d487369e6bf1a4e9c0a1805bdc3149\", element=\"abe24f56-cf26-4476-a442-13040599a948\")>> = <selenium.webdriver.remote.webelement.WebElement (session=\"d2d487369e6bf1a4e9c0a1805bdc3149\", element=\"abe24f56-cf26-4476-a442-13040599a948\")>.get_attribute\nE        +      where <selenium.webdriver.remote.webelement.WebElement (session=\"d2d487369e6bf1a4e9c0a1805bdc3149\", element=\"abe24f56-cf26-4476-a442-13040599a948\")> = <bound method WebDriver.find_element of <selenium.webdriver.chrome.webdriver.WebDriver (session=\"d2d487369e6bf1a4e9c0a1805bdc3149\")>>(*('xpath', '//*[@id=\"root\"]/div/div[2]/header/div/div/div/div[1]/div/a[1]/div/div[2]/div[1]'))\nE        +        where <bound method WebDriver.find_element of <selenium.webdriver.chrome.webdriver.WebDriver (session=\"d2d487369e6bf1a4e9c0a1805bdc3149\")>> = <selenium.webdriver.chrome.webdriver.WebDriver (session=\"d2d487369e6bf1a4e9c0a1805bdc3149\")>.find_element\nE        +          where <selenium.webdriver.chrome.webdriver.WebDriver (session=\"d2d487369e6bf1a4e9c0a1805bdc3149\")> = <tests.test_home_page.TestHomePage testMethod=test_2_search_bar_valid>.my_driver\nE        +        and   ('xpath', '//*[@id=\"root\"]/div/div[2]/header/div/div/div/div[1]/div/a[1]/div/div[2]/div[1]') = <class 'Services.constractors.home_page_locators.HeaderLocators'>.first_search_res\nE        +          where <class 'Services.constractors.home_page_locators.HeaderLocators'> = hpl.HeaderLocators\n\ntests\\test_home_page.py:22: AssertionError"}, "description": "this test checks if the search bar gives us valid drop down, in this example I searched for product that called אקדיה so I started with writing אק and expected to see the first product at my drop down to start with אק", "start": 1680584965833, "stop": 1680584979342, "uuid": "c84a274e-59a8-4683-9749-747fa82cecea", "historyId": "0cd067b295940a704688b2d6b21e0251", "testCaseId": "9d15cd07d6f012288b494711bc54bd08", "fullName": "tests.test_home_page.TestHomePage#test_2_search_bar_valid", "labels": [{"name": "parentSuite", "value": "tests"}, {"name": "suite", "value": "test_home_page"}, {"name": "subSuite", "value": "TestHomePage"}, {"name": "host", "value": "AlexanderZak"}, {"name": "thread", "value": "4068-MainThread"}, {"name": "framework", "value": "pytest"}, {"name": "language", "value": "cpython3"}, {"name": "package", "value": "tests.test_home_page"}]}