{"name": "test_search_bar_valid", "status": "failed", "statusDetails": {"message": "AssertionError: assert 'אק' in 'בדיקה 2'\n +  where 'בדיקה 2' = <bound method WebElement.get_attribute of <selenium.webdriver.remote.webelement.WebElement (session=\"679b4c12444fdd3dde3bd3e849aadd92\", element=\"d0f66288-8e80-4a63-9575-b248f99b9242\")>>('textContent')\n +    where <bound method WebElement.get_attribute of <selenium.webdriver.remote.webelement.WebElement (session=\"679b4c12444fdd3dde3bd3e849aadd92\", element=\"d0f66288-8e80-4a63-9575-b248f99b9242\")>> = <selenium.webdriver.remote.webelement.WebElement (session=\"679b4c12444fdd3dde3bd3e849aadd92\", element=\"d0f66288-8e80-4a63-9575-b248f99b9242\")>.get_attribute\n +      where <selenium.webdriver.remote.webelement.WebElement (session=\"679b4c12444fdd3dde3bd3e849aadd92\", element=\"d0f66288-8e80-4a63-9575-b248f99b9242\")> = <bound method WebDriver.find_element of <selenium.webdriver.chrome.webdriver.WebDriver (session=\"679b4c12444fdd3dde3bd3e849aadd92\")>>('xpath', '/html/body/div/div/div[2]/header/div/div/div/div[1]/div/a[1]/div/div[2]/div[1]')\n +        where <bound method WebDriver.find_element of <selenium.webdriver.chrome.webdriver.WebDriver (session=\"679b4c12444fdd3dde3bd3e849aadd92\")>> = <selenium.webdriver.chrome.webdriver.WebDriver (session=\"679b4c12444fdd3dde3bd3e849aadd92\")>.find_element\n +          where <selenium.webdriver.chrome.webdriver.WebDriver (session=\"679b4c12444fdd3dde3bd3e849aadd92\")> = <tests.test_home_page.TestHomePage testMethod=test_search_bar_valid>.my_driver\n +        and   'xpath' = <class 'selenium.webdriver.common.by.By'>.XPATH\n +          where <class 'selenium.webdriver.common.by.By'> = td.By", "trace": "self = <tests.test_home_page.TestHomePage testMethod=test_search_bar_valid>\n\n    @allure.description('this test checks if the search bar gives us valid drop down, in this example I searched for product that called אקדיה so I started with writing אק and expected to see the first product at my drop down to start with אק')\n    def test_search_bar_valid(self):\n        hp.PopUpWindows.choose_cocktail(self)\n        hp.HomePage.search_bar_send_keys(self, 'אק')\n        hp.HomePage.click_on_search_bar(self)\n        td.sleep(2)\n>       assert \"אק\" in self.my_driver.find_element(td.By.XPATH, '/html/body/div/div/div[2]/header/div/div/div/div[1]/div/a[1]/div/div[2]/div[1]').get_attribute('textContent')\nE       assert 'אק' in 'בדיקה 2'\nE        +  where 'בדיקה 2' = <bound method WebElement.get_attribute of <selenium.webdriver.remote.webelement.WebElement (session=\"679b4c12444fdd3dde3bd3e849aadd92\", element=\"d0f66288-8e80-4a63-9575-b248f99b9242\")>>('textContent')\nE        +    where <bound method WebElement.get_attribute of <selenium.webdriver.remote.webelement.WebElement (session=\"679b4c12444fdd3dde3bd3e849aadd92\", element=\"d0f66288-8e80-4a63-9575-b248f99b9242\")>> = <selenium.webdriver.remote.webelement.WebElement (session=\"679b4c12444fdd3dde3bd3e849aadd92\", element=\"d0f66288-8e80-4a63-9575-b248f99b9242\")>.get_attribute\nE        +      where <selenium.webdriver.remote.webelement.WebElement (session=\"679b4c12444fdd3dde3bd3e849aadd92\", element=\"d0f66288-8e80-4a63-9575-b248f99b9242\")> = <bound method WebDriver.find_element of <selenium.webdriver.chrome.webdriver.WebDriver (session=\"679b4c12444fdd3dde3bd3e849aadd92\")>>('xpath', '/html/body/div/div/div[2]/header/div/div/div/div[1]/div/a[1]/div/div[2]/div[1]')\nE        +        where <bound method WebDriver.find_element of <selenium.webdriver.chrome.webdriver.WebDriver (session=\"679b4c12444fdd3dde3bd3e849aadd92\")>> = <selenium.webdriver.chrome.webdriver.WebDriver (session=\"679b4c12444fdd3dde3bd3e849aadd92\")>.find_element\nE        +          where <selenium.webdriver.chrome.webdriver.WebDriver (session=\"679b4c12444fdd3dde3bd3e849aadd92\")> = <tests.test_home_page.TestHomePage testMethod=test_search_bar_valid>.my_driver\nE        +        and   'xpath' = <class 'selenium.webdriver.common.by.By'>.XPATH\nE        +          where <class 'selenium.webdriver.common.by.By'> = td.By\n\ntests\\test_home_page.py:23: AssertionError"}, "description": "this test checks if the search bar gives us valid drop down, in this example I searched for product that called אקדיה so I started with writing אק and expected to see the first product at my drop down to start with אק", "start": 1679827896338, "stop": 1679827912042, "uuid": "a04d269b-af0b-4eb1-ba5c-5ec5948a73eb", "historyId": "2824e0b218084f9a72ddb0069aa3e3c5", "testCaseId": "0898f90492826af02ad243d56d90fe9a", "fullName": "tests.test_home_page.TestHomePage#test_search_bar_valid", "labels": [{"name": "parentSuite", "value": "tests"}, {"name": "suite", "value": "test_home_page"}, {"name": "subSuite", "value": "TestHomePage"}, {"name": "host", "value": "AlexanderZak"}, {"name": "thread", "value": "5092-MainThread"}, {"name": "framework", "value": "pytest"}, {"name": "language", "value": "cpython3"}, {"name": "package", "value": "tests.test_home_page"}]}