{"name": "test_search_bar_valid_first_focus", "status": "broken", "statusDetails": {"message": "selenium.common.exceptions.TimeoutException: Message: \nStacktrace:\nBacktrace:\n\t(No symbol) [0x0042DCE3]\n\t(No symbol) [0x003C39D1]\n\t(No symbol) [0x002D4DA8]\n\t(No symbol) [0x0030019F]\n\t(No symbol) [0x003003AB]\n\t(No symbol) [0x0032EE62]\n\t(No symbol) [0x0031AF14]\n\t(No symbol) [0x0032D57C]\n\t(No symbol) [0x0031ACC6]\n\t(No symbol) [0x002F6F68]\n\t(No symbol) [0x002F80CD]\n\tGetHandleVerifier [0x006A3832+2506274]\n\tGetHandleVerifier [0x006D9794+2727300]\n\tGetHandleVerifier [0x006DE36C+2746716]\n\tGetHandleVerifier [0x004D6690+617600]\n\t(No symbol) [0x003CC712]\n\t(No symbol) [0x003D1FF8]\n\t(No symbol) [0x003D20DB]\n\t(No symbol) [0x003DC63B]\n\tBaseThreadInitThunk [0x75D67D69+25]\n\tRtlInitializeExceptionChain [0x7724B74B+107]\n\tRtlClearBits [0x7724B6CF+191]", "trace": "self = <tests.test_home_page.TestHomePage testMethod=test_search_bar_valid_first_focus>\n\n    @allure.description('this test checks if the user can search product at the first time he entered the site')\n    def test_search_bar_valid_first_focus(self):\n        hp.HomePage.search_bar_send_keys(self, 'אק')\n>       self.assertTrue(hp.HomePage.vi_of_search_result(self))\n\ntests\\test_home_page.py:15: \n_ _ _ _ _ _ _ _ _ _ _ _ _ _ _ _ _ _ _ _ _ _ _ _ _ _ _ _ _ _ _ _ _ _ _ _ _ _ _ _ _ _ _ _ _ _ _ _ _ _ _ _ _ _ _ _ _ _ _ _ _ _ _ _ _ _ _ _ _ _ _ _ _ _ _ _ _ _ _ _ _ _ _ _ _ _ _ _ _ _ _ _\nServices\\pages\\home_page.py:22: in vi_of_search_result\n    td.WDW(self.my_driver, 5).until(td.EC.visibility_of_element_located((*hl.HeaderLocators.first_search_res,)))\n_ _ _ _ _ _ _ _ _ _ _ _ _ _ _ _ _ _ _ _ _ _ _ _ _ _ _ _ _ _ _ _ _ _ _ _ _ _ _ _ _ _ _ _ _ _ _ _ _ _ _ _ _ _ _ _ _ _ _ _ _ _ _ _ _ _ _ _ _ _ _ _ _ _ _ _ _ _ _ _ _ _ _ _ _ _ _ _ _ _ _ _\n\nself = <selenium.webdriver.support.wait.WebDriverWait (session=\"4240e43a2d3f3b316e4f47abe29ac39e\")>\nmethod = <function visibility_of_element_located.<locals>._predicate at 0x000002BB55ADE5C0>, message = ''\n\n    def until(self, method, message: str = \"\"):\n        \"\"\"Calls the method provided with the driver as an argument until the \\\n        return value does not evaluate to ``False``.\n    \n        :param method: callable(WebDriver)\n        :param message: optional message for :exc:`TimeoutException`\n        :returns: the result of the last call to `method`\n        :raises: :exc:`selenium.common.exceptions.TimeoutException` if timeout occurs\n        \"\"\"\n        screen = None\n        stacktrace = None\n    \n        end_time = time.monotonic() + self._timeout\n        while True:\n            try:\n                value = method(self._driver)\n                if value:\n                    return value\n            except self._ignored_exceptions as exc:\n                screen = getattr(exc, \"screen\", None)\n                stacktrace = getattr(exc, \"stacktrace\", None)\n            time.sleep(self._poll)\n            if time.monotonic() > end_time:\n                break\n>       raise TimeoutException(message, screen, stacktrace)\nE       selenium.common.exceptions.TimeoutException: Message: \nE       Stacktrace:\nE       Backtrace:\nE       \t(No symbol) [0x0042DCE3]\nE       \t(No symbol) [0x003C39D1]\nE       \t(No symbol) [0x002D4DA8]\nE       \t(No symbol) [0x0030019F]\nE       \t(No symbol) [0x003003AB]\nE       \t(No symbol) [0x0032EE62]\nE       \t(No symbol) [0x0031AF14]\nE       \t(No symbol) [0x0032D57C]\nE       \t(No symbol) [0x0031ACC6]\nE       \t(No symbol) [0x002F6F68]\nE       \t(No symbol) [0x002F80CD]\nE       \tGetHandleVerifier [0x006A3832+2506274]\nE       \tGetHandleVerifier [0x006D9794+2727300]\nE       \tGetHandleVerifier [0x006DE36C+2746716]\nE       \tGetHandleVerifier [0x004D6690+617600]\nE       \t(No symbol) [0x003CC712]\nE       \t(No symbol) [0x003D1FF8]\nE       \t(No symbol) [0x003D20DB]\nE       \t(No symbol) [0x003DC63B]\nE       \tBaseThreadInitThunk [0x75D67D69+25]\nE       \tRtlInitializeExceptionChain [0x7724B74B+107]\nE       \tRtlClearBits [0x7724B6CF+191]\n\nven\\Lib\\site-packages\\selenium\\webdriver\\support\\wait.py:95: TimeoutException"}, "description": "this test checks if the user can search product at the first time he entered the site", "start": 1679827912090, "stop": 1679827927526, "uuid": "b80bc8f9-0c06-43de-b20e-924e31d681b6", "historyId": "75ea608a60c41ec4fb0e38ad4f113896", "testCaseId": "0f5a07d066ede98bcfcd88f70a1d85d9", "fullName": "tests.test_home_page.TestHomePage#test_search_bar_valid_first_focus", "labels": [{"name": "parentSuite", "value": "tests"}, {"name": "suite", "value": "test_home_page"}, {"name": "subSuite", "value": "TestHomePage"}, {"name": "host", "value": "AlexanderZak"}, {"name": "thread", "value": "5092-MainThread"}, {"name": "framework", "value": "pytest"}, {"name": "language", "value": "cpython3"}, {"name": "package", "value": "tests.test_home_page"}]}