{"name": "test_2_search_bar_valid", "status": "failed", "statusDetails": {"message": "AssertionError: assert 'אק' in 'בדיקה 2'\n +  where 'בדיקה 2' = <bound method WebElement.get_attribute of <selenium.webdriver.remote.webelement.WebElement (session=\"726ac533e2a346845a734d400057dda5\", element=\"38d5f844-a2dc-4635-a807-6f5ee8b742e5\")>>('textContent')\n +    where <bound method WebElement.get_attribute of <selenium.webdriver.remote.webelement.WebElement (session=\"726ac533e2a346845a734d400057dda5\", element=\"38d5f844-a2dc-4635-a807-6f5ee8b742e5\")>> = <selenium.webdriver.remote.webelement.WebElement (session=\"726ac533e2a346845a734d400057dda5\", element=\"38d5f844-a2dc-4635-a807-6f5ee8b742e5\")>.get_attribute\n +      where <selenium.webdriver.remote.webelement.WebElement (session=\"726ac533e2a346845a734d400057dda5\", element=\"38d5f844-a2dc-4635-a807-6f5ee8b742e5\")> = <bound method WebDriver.find_element of <selenium.webdriver.chrome.webdriver.WebDriver (session=\"726ac533e2a346845a734d400057dda5\")>>(*('xpath', '//*[@id=\"root\"]/div/div[2]/header/div/div/div/div[1]/div/a[1]/div/div[2]/div[1]'))\n +        where <bound method WebDriver.find_element of <selenium.webdriver.chrome.webdriver.WebDriver (session=\"726ac533e2a346845a734d400057dda5\")>> = <selenium.webdriver.chrome.webdriver.WebDriver (session=\"726ac533e2a346845a734d400057dda5\")>.find_element\n +          where <selenium.webdriver.chrome.webdriver.WebDriver (session=\"726ac533e2a346845a734d400057dda5\")> = <tests.test_search.TestHomePage testMethod=test_2_search_bar_valid>.my_driver\n +        and   ('xpath', '//*[@id=\"root\"]/div/div[2]/header/div/div/div/div[1]/div/a[1]/div/div[2]/div[1]') = <class 'Services.constractors.home_page_locators.HeaderLocators'>.first_search_res\n +          where <class 'Services.constractors.home_page_locators.HeaderLocators'> = hpl.HeaderLocators", "trace": "self = <tests.test_search.TestHomePage testMethod=test_2_search_bar_valid>\n\n    @allure.description('this test checks if the search bar gives us valid drop down, in this example I searched for product that called אקדיה so I started with writing אק and expected to see the first product at my drop down to start with אק')\n    def test_2_search_bar_valid(self):\n        hp.HomePage.search_bar_send_keys(self, 'אק')\n        hp.HomePage.click_on_search_bar(self)\n        td.sleep(2)\n>       assert \"אק\" in self.my_driver.find_element(*hpl.HeaderLocators.first_search_res,).get_attribute('textContent')\nE       assert 'אק' in 'בדיקה 2'\nE        +  where 'בדיקה 2' = <bound method WebElement.get_attribute of <selenium.webdriver.remote.webelement.WebElement (session=\"726ac533e2a346845a734d400057dda5\", element=\"38d5f844-a2dc-4635-a807-6f5ee8b742e5\")>>('textContent')\nE        +    where <bound method WebElement.get_attribute of <selenium.webdriver.remote.webelement.WebElement (session=\"726ac533e2a346845a734d400057dda5\", element=\"38d5f844-a2dc-4635-a807-6f5ee8b742e5\")>> = <selenium.webdriver.remote.webelement.WebElement (session=\"726ac533e2a346845a734d400057dda5\", element=\"38d5f844-a2dc-4635-a807-6f5ee8b742e5\")>.get_attribute\nE        +      where <selenium.webdriver.remote.webelement.WebElement (session=\"726ac533e2a346845a734d400057dda5\", element=\"38d5f844-a2dc-4635-a807-6f5ee8b742e5\")> = <bound method WebDriver.find_element of <selenium.webdriver.chrome.webdriver.WebDriver (session=\"726ac533e2a346845a734d400057dda5\")>>(*('xpath', '//*[@id=\"root\"]/div/div[2]/header/div/div/div/div[1]/div/a[1]/div/div[2]/div[1]'))\nE        +        where <bound method WebDriver.find_element of <selenium.webdriver.chrome.webdriver.WebDriver (session=\"726ac533e2a346845a734d400057dda5\")>> = <selenium.webdriver.chrome.webdriver.WebDriver (session=\"726ac533e2a346845a734d400057dda5\")>.find_element\nE        +          where <selenium.webdriver.chrome.webdriver.WebDriver (session=\"726ac533e2a346845a734d400057dda5\")> = <tests.test_search.TestHomePage testMethod=test_2_search_bar_valid>.my_driver\nE        +        and   ('xpath', '//*[@id=\"root\"]/div/div[2]/header/div/div/div/div[1]/div/a[1]/div/div[2]/div[1]') = <class 'Services.constractors.home_page_locators.HeaderLocators'>.first_search_res\nE        +          where <class 'Services.constractors.home_page_locators.HeaderLocators'> = hpl.HeaderLocators\n\ntests\\test_search.py:21: AssertionError"}, "description": "this test checks if the search bar gives us valid drop down, in this example I searched for product that called אקדיה so I started with writing אק and expected to see the first product at my drop down to start with אק", "start": 1680585508273, "stop": 1680585522519, "uuid": "8c0bebf3-2798-48e8-8250-826fc617ba6a", "historyId": "9bc19215e56eca9c5373ee39cb960aa7", "testCaseId": "53c8003f8b462d12a87d5a84257376f3", "fullName": "tests.test_search.TestHomePage#test_2_search_bar_valid", "labels": [{"name": "parentSuite", "value": "tests"}, {"name": "suite", "value": "test_search"}, {"name": "subSuite", "value": "TestHomePage"}, {"name": "host", "value": "AlexanderZak"}, {"name": "thread", "value": "4068-MainThread"}, {"name": "framework", "value": "pytest"}, {"name": "language", "value": "cpython3"}, {"name": "package", "value": "tests.test_search"}]}